<?xml version="1.0" encoding="UTF-8"?>
<!-- Generated by org.testng.reporters.JUnitXMLReporter -->
<testsuite ignored="2" hostname="LAPTOP-SPPJ5AEL" failures="0" tests="2" name="TestRunner_02" time="108.624" errors="0" timestamp="2022-06-23T14:44:00 IST">
  <testcase classname="com.crm.vtiger.createContact.CreateContactsByUsingReportsToAndVerifyTest" name="createContactsByUsingReportsToAndVerifyTest" time="37.156"/>
  <testcase classname="com.crm.vtiger.createOrganisation.CreateOrganisationByUsingMemberOfAndVerifyTest" name="createOrganisationByUsingMemberOfAndVerifyTest" time="29.642"/>
  <testcase classname="com.crm.comcast.genericutility.BaseClass" name="@BeforeSuite connectToDataBase" time="0.0">
    <ignored/>
  </testcase> <!-- @BeforeSuite connectToDataBase -->
  <testcase classname="com.crm.comcast.genericutility.BaseClass" name="@AfterSuite closeDataBaseConnection" time="0.0">
    <ignored/>
  </testcase> <!-- @AfterSuite closeDataBaseConnection -->
</testsuite> <!-- TestRunner_02 -->
