<?xml version="1.0" encoding="UTF-8"?>
<!-- Generated by org.testng.reporters.JUnitXMLReporter -->
<testsuite ignored="2" hostname="LAPTOP-SPPJ5AEL" failures="0" tests="2" name="TestRunner_1" time="89.715" errors="0" timestamp="2022-06-23T14:43:41 IST">
  <testcase classname="com.crm.vtiger.createContact.CreateContactsAndVerifyTest" name="createContactsAndVerifyTest" time="31.04"/>
  <testcase classname="com.crm.vtiger.createOrganisation.CreateOrganisationAndVerifyTest" name="createOrganisationAndVerifyTest" time="27.704"/>
  <testcase classname="com.crm.comcast.genericutility.BaseClass" name="@BeforeSuite connectToDataBase" time="0.0">
    <ignored/>
  </testcase> <!-- @BeforeSuite connectToDataBase -->
  <testcase classname="com.crm.comcast.genericutility.BaseClass" name="@AfterSuite closeDataBaseConnection" time="0.0">
    <ignored/>
  </testcase> <!-- @AfterSuite closeDataBaseConnection -->
</testsuite> <!-- TestRunner_1 -->
