<?xml version="1.0" encoding="UTF-8"?>
<testng-results ignored="4" total="8" passed="4" failed="0" skipped="0">
  <reporter-output>
    <line>
      <![CDATA[createContactsAndVerifyTest is pass]]>
    </line>
  </reporter-output>
  <suite started-at="2022-06-23T14:42:11 IST" name="Suite" finished-at="2022-06-23T14:44:00 IST" duration-ms="108624">
    <groups>
      <group name="SmokeTest">
        <method signature="CreateContactsAndVerifyTest.createContactsAndVerifyTest()[pri:0, instance:com.crm.vtiger.createContact.CreateContactsAndVerifyTest@434a63ab]" name="createContactsAndVerifyTest" class="com.crm.vtiger.createContact.CreateContactsAndVerifyTest"/>
        <method signature="CreateOrganisationAndVerifyTest.createOrganisationAndVerifyTest()[pri:0, instance:com.crm.vtiger.createOrganisation.CreateOrganisationAndVerifyTest@f0da945]" name="createOrganisationAndVerifyTest" class="com.crm.vtiger.createOrganisation.CreateOrganisationAndVerifyTest"/>
      </group> <!-- SmokeTest -->
      <group name="RegressionTest">
        <method signature="CreateContactsByUsingReportsToAndVerifyTest.createContactsByUsingReportsToAndVerifyTest()[pri:0, instance:com.crm.vtiger.createContact.CreateContactsByUsingReportsToAndVerifyTest@534a5a98]" name="createContactsByUsingReportsToAndVerifyTest" class="com.crm.vtiger.createContact.CreateContactsByUsingReportsToAndVerifyTest"/>
        <method signature="CreateOrganisationByUsingMemberOfAndVerifyTest.createOrganisationByUsingMemberOfAndVerifyTest()[pri:0, instance:com.crm.vtiger.createOrganisation.CreateOrganisationByUsingMemberOfAndVerifyTest@4f80542f]" name="createOrganisationByUsingMemberOfAndVerifyTest" class="com.crm.vtiger.createOrganisation.CreateOrganisationByUsingMemberOfAndVerifyTest"/>
      </group> <!-- RegressionTest -->
    </groups>
    <test started-at="2022-06-23T14:42:11 IST" name="TestRunner_1" finished-at="2022-06-23T14:43:41 IST" duration-ms="89715">
      <class name="com.crm.vtiger.createContact.CreateContactsAndVerifyTest">
        <test-method is-config="true" signature="launchThebrowser(java.lang.String)[pri:0, instance:com.crm.vtiger.createContact.CreateContactsAndVerifyTest@434a63ab]" started-at="2022-06-23T14:42:11 IST" name="launchThebrowser" finished-at="2022-06-23T14:42:16 IST" duration-ms="4766" status="PASS">
          <params>
            <param index="0">
              <value>
                <![CDATA[chrome]]>
              </value>
            </param>
          </params>
          <reporter-output>
          </reporter-output>
        </test-method> <!-- launchThebrowser -->
        <test-method is-config="true" signature="loginToApplication()[pri:0, instance:com.crm.vtiger.createContact.CreateContactsAndVerifyTest@434a63ab]" started-at="2022-06-23T14:42:16 IST" name="loginToApplication" finished-at="2022-06-23T14:42:24 IST" duration-ms="7492" status="PASS">
          <reporter-output>
          </reporter-output>
        </test-method> <!-- loginToApplication -->
        <test-method signature="createContactsAndVerifyTest()[pri:0, instance:com.crm.vtiger.createContact.CreateContactsAndVerifyTest@434a63ab]" started-at="2022-06-23T14:42:24 IST" name="createContactsAndVerifyTest" finished-at="2022-06-23T14:42:55 IST" duration-ms="31040" status="PASS">
          <reporter-output>
            <line>
              <![CDATA[createContactsAndVerifyTest is pass]]>
            </line>
          </reporter-output>
        </test-method> <!-- createContactsAndVerifyTest -->
        <test-method is-config="true" signature="signOutTheApplication()[pri:0, instance:com.crm.vtiger.createContact.CreateContactsAndVerifyTest@434a63ab]" started-at="2022-06-23T14:42:55 IST" name="signOutTheApplication" finished-at="2022-06-23T14:43:00 IST" duration-ms="4984" status="PASS">
          <reporter-output>
          </reporter-output>
        </test-method> <!-- signOutTheApplication -->
        <test-method is-config="true" signature="closeTheBrowser()[pri:0, instance:com.crm.vtiger.createContact.CreateContactsAndVerifyTest@434a63ab]" started-at="2022-06-23T14:43:00 IST" name="closeTheBrowser" finished-at="2022-06-23T14:43:00 IST" duration-ms="179" status="PASS">
          <reporter-output>
          </reporter-output>
        </test-method> <!-- closeTheBrowser -->
      </class> <!-- com.crm.vtiger.createContact.CreateContactsAndVerifyTest -->
      <class name="com.crm.vtiger.createOrganisation.CreateOrganisationAndVerifyTest">
        <test-method is-config="true" signature="launchThebrowser(java.lang.String)[pri:0, instance:com.crm.vtiger.createOrganisation.CreateOrganisationAndVerifyTest@f0da945]" started-at="2022-06-23T14:43:00 IST" name="launchThebrowser" finished-at="2022-06-23T14:43:03 IST" duration-ms="2930" status="PASS">
          <params>
            <param index="0">
              <value>
                <![CDATA[chrome]]>
              </value>
            </param>
          </params>
          <reporter-output>
          </reporter-output>
        </test-method> <!-- launchThebrowser -->
        <test-method is-config="true" signature="loginToApplication()[pri:0, instance:com.crm.vtiger.createOrganisation.CreateOrganisationAndVerifyTest@f0da945]" started-at="2022-06-23T14:43:03 IST" name="loginToApplication" finished-at="2022-06-23T14:43:08 IST" duration-ms="5703" status="PASS">
          <reporter-output>
          </reporter-output>
        </test-method> <!-- loginToApplication -->
        <test-method signature="createOrganisationAndVerifyTest()[pri:0, instance:com.crm.vtiger.createOrganisation.CreateOrganisationAndVerifyTest@f0da945]" started-at="2022-06-23T14:43:08 IST" name="createOrganisationAndVerifyTest" finished-at="2022-06-23T14:43:36 IST" duration-ms="27704" status="PASS">
          <reporter-output>
          </reporter-output>
        </test-method> <!-- createOrganisationAndVerifyTest -->
        <test-method is-config="true" signature="signOutTheApplication()[pri:0, instance:com.crm.vtiger.createOrganisation.CreateOrganisationAndVerifyTest@f0da945]" started-at="2022-06-23T14:43:36 IST" name="signOutTheApplication" finished-at="2022-06-23T14:43:41 IST" duration-ms="4725" status="PASS">
          <reporter-output>
          </reporter-output>
        </test-method> <!-- signOutTheApplication -->
        <test-method is-config="true" signature="closeTheBrowser()[pri:0, instance:com.crm.vtiger.createOrganisation.CreateOrganisationAndVerifyTest@f0da945]" started-at="2022-06-23T14:43:41 IST" name="closeTheBrowser" finished-at="2022-06-23T14:43:41 IST" duration-ms="66" status="PASS">
          <reporter-output>
          </reporter-output>
        </test-method> <!-- closeTheBrowser -->
      </class> <!-- com.crm.vtiger.createOrganisation.CreateOrganisationAndVerifyTest -->
    </test> <!-- TestRunner_1 -->
    <test started-at="2022-06-23T14:42:11 IST" name="TestRunner_02" finished-at="2022-06-23T14:44:00 IST" duration-ms="108624">
      <class name="com.crm.vtiger.createContact.CreateContactsByUsingReportsToAndVerifyTest">
        <test-method is-config="true" signature="connectToDataBase()[pri:0, instance:com.crm.vtiger.createContact.CreateContactsByUsingReportsToAndVerifyTest@534a5a98]" started-at="2022-06-23T14:42:11 IST" name="connectToDataBase" finished-at="2022-06-23T14:42:11 IST" duration-ms="26" status="PASS">
          <reporter-output>
          </reporter-output>
        </test-method> <!-- connectToDataBase -->
        <test-method is-config="true" signature="launchThebrowser(java.lang.String)[pri:0, instance:com.crm.vtiger.createContact.CreateContactsByUsingReportsToAndVerifyTest@534a5a98]" started-at="2022-06-23T14:42:11 IST" name="launchThebrowser" finished-at="2022-06-23T14:42:20 IST" duration-ms="9009" status="PASS">
          <params>
            <param index="0">
              <value>
                <![CDATA[firefox]]>
              </value>
            </param>
          </params>
          <reporter-output>
          </reporter-output>
        </test-method> <!-- launchThebrowser -->
        <test-method is-config="true" signature="loginToApplication()[pri:0, instance:com.crm.vtiger.createContact.CreateContactsByUsingReportsToAndVerifyTest@534a5a98]" started-at="2022-06-23T14:42:20 IST" name="loginToApplication" finished-at="2022-06-23T14:42:26 IST" duration-ms="6010" status="PASS">
          <reporter-output>
          </reporter-output>
        </test-method> <!-- loginToApplication -->
        <test-method signature="createContactsByUsingReportsToAndVerifyTest()[pri:0, instance:com.crm.vtiger.createContact.CreateContactsByUsingReportsToAndVerifyTest@534a5a98]" started-at="2022-06-23T14:42:26 IST" name="createContactsByUsingReportsToAndVerifyTest" finished-at="2022-06-23T14:43:03 IST" duration-ms="37156" status="PASS">
          <reporter-output>
          </reporter-output>
        </test-method> <!-- createContactsByUsingReportsToAndVerifyTest -->
        <test-method is-config="true" signature="signOutTheApplication()[pri:0, instance:com.crm.vtiger.createContact.CreateContactsByUsingReportsToAndVerifyTest@534a5a98]" started-at="2022-06-23T14:43:03 IST" name="signOutTheApplication" finished-at="2022-06-23T14:43:09 IST" duration-ms="5977" status="PASS">
          <reporter-output>
          </reporter-output>
        </test-method> <!-- signOutTheApplication -->
        <test-method is-config="true" signature="closeTheBrowser()[pri:0, instance:com.crm.vtiger.createContact.CreateContactsByUsingReportsToAndVerifyTest@534a5a98]" started-at="2022-06-23T14:43:09 IST" name="closeTheBrowser" finished-at="2022-06-23T14:43:11 IST" duration-ms="1364" status="PASS">
          <reporter-output>
          </reporter-output>
        </test-method> <!-- closeTheBrowser -->
        <test-method is-config="true" signature="closeDataBaseConnection()[pri:0, instance:com.crm.vtiger.createContact.CreateContactsByUsingReportsToAndVerifyTest@534a5a98]" started-at="2022-06-23T14:44:00 IST" name="closeDataBaseConnection" finished-at="2022-06-23T14:44:00 IST" duration-ms="1" status="PASS">
          <reporter-output>
          </reporter-output>
        </test-method> <!-- closeDataBaseConnection -->
      </class> <!-- com.crm.vtiger.createContact.CreateContactsByUsingReportsToAndVerifyTest -->
      <class name="com.crm.vtiger.createOrganisation.CreateOrganisationByUsingMemberOfAndVerifyTest">
        <test-method is-config="true" signature="launchThebrowser(java.lang.String)[pri:0, instance:com.crm.vtiger.createOrganisation.CreateOrganisationByUsingMemberOfAndVerifyTest@4f80542f]" started-at="2022-06-23T14:43:11 IST" name="launchThebrowser" finished-at="2022-06-23T14:43:17 IST" duration-ms="6619" status="PASS">
          <params>
            <param index="0">
              <value>
                <![CDATA[firefox]]>
              </value>
            </param>
          </params>
          <reporter-output>
          </reporter-output>
        </test-method> <!-- launchThebrowser -->
        <test-method is-config="true" signature="loginToApplication()[pri:0, instance:com.crm.vtiger.createOrganisation.CreateOrganisationByUsingMemberOfAndVerifyTest@4f80542f]" started-at="2022-06-23T14:43:17 IST" name="loginToApplication" finished-at="2022-06-23T14:43:23 IST" duration-ms="5807" status="PASS">
          <reporter-output>
          </reporter-output>
        </test-method> <!-- loginToApplication -->
        <test-method signature="createOrganisationByUsingMemberOfAndVerifyTest()[pri:0, instance:com.crm.vtiger.createOrganisation.CreateOrganisationByUsingMemberOfAndVerifyTest@4f80542f]" started-at="2022-06-23T14:43:23 IST" name="createOrganisationByUsingMemberOfAndVerifyTest" finished-at="2022-06-23T14:43:53 IST" duration-ms="29642" status="PASS">
          <reporter-output>
          </reporter-output>
        </test-method> <!-- createOrganisationByUsingMemberOfAndVerifyTest -->
        <test-method is-config="true" signature="signOutTheApplication()[pri:0, instance:com.crm.vtiger.createOrganisation.CreateOrganisationByUsingMemberOfAndVerifyTest@4f80542f]" started-at="2022-06-23T14:43:53 IST" name="signOutTheApplication" finished-at="2022-06-23T14:43:57 IST" duration-ms="4087" status="PASS">
          <reporter-output>
          </reporter-output>
        </test-method> <!-- signOutTheApplication -->
        <test-method is-config="true" signature="closeTheBrowser()[pri:0, instance:com.crm.vtiger.createOrganisation.CreateOrganisationByUsingMemberOfAndVerifyTest@4f80542f]" started-at="2022-06-23T14:43:57 IST" name="closeTheBrowser" finished-at="2022-06-23T14:44:00 IST" duration-ms="2864" status="PASS">
          <reporter-output>
          </reporter-output>
        </test-method> <!-- closeTheBrowser -->
      </class> <!-- com.crm.vtiger.createOrganisation.CreateOrganisationByUsingMemberOfAndVerifyTest -->
    </test> <!-- TestRunner_02 -->
  </suite> <!-- Suite -->
</testng-results>
